2021-02-19 21:24:48,894 INFO o.h.v.i.u.Version [background-preinit] HV000001: Hibernate Validator 6.1.7.Final
2021-02-19 21:24:48,899 WARN o.s.b.t.j.DuplicateJsonObjectContextCustomizerFactory$DuplicateJsonObjectContextCustomizer [main] 

Found multiple occurrences of org.json.JSONObject on the class path:

	jar:file:/C:/Users/3m1r/.m2/repository/com/vaadin/external/google/android-json/0.0.20131108.vaadin1/android-json-0.0.20131108.vaadin1.jar!/org/json/JSONObject.class
	jar:file:/C:/Users/3m1r/.m2/repository/org/json/json/20160810/json-20160810.jar!/org/json/JSONObject.class

You may wish to exclude one of them to ensure predictable runtime behavior

2021-02-19 21:24:48,921 INFO o.s.b.StartupInfoLogger [main] Starting FhApplicationTests using Java 14.0.2 on DESKTOP-KRRDR82 with PID 28468 (started by 3m1r in C:\Users\3m1r\IdeaProjects\SE_Car_Rental_WebApp\Car_Rental_WS)
2021-02-19 21:24:48,928 INFO o.s.b.SpringApplication [main] No active profile set, falling back to default profiles: default
2021-02-19 21:24:49,735 INFO o.s.d.r.c.RepositoryConfigurationDelegate [main] Bootstrapping Spring Data JPA repositories in DEFAULT mode.
2021-02-19 21:24:49,822 INFO o.s.d.r.c.RepositoryConfigurationDelegate [main] Finished Spring Data repository scanning in 77 ms. Found 3 JPA repository interfaces.
2021-02-19 21:24:50,364 INFO c.z.h.HikariDataSource [main] HikariPool-1 - Starting...
2021-02-19 21:24:50,596 INFO c.z.h.HikariDataSource [main] HikariPool-1 - Start completed.
2021-02-19 21:24:50,715 INFO o.h.j.i.u.LogHelper [main] HHH000204: Processing PersistenceUnitInfo [name: default]
2021-02-19 21:24:50,791 INFO o.h.Version [main] HHH000412: Hibernate ORM core version 5.4.28.Final
2021-02-19 21:24:50,963 INFO o.h.a.c.r.j.JavaReflectionManager [main] HCANN000001: Hibernate Commons Annotations {5.1.2.Final}
2021-02-19 21:24:51,202 INFO o.h.d.Dialect [main] HHH000400: Using dialect: org.hibernate.dialect.MySQL57Dialect
2021-02-19 21:24:52,071 INFO o.h.e.t.j.p.i.JtaPlatformInitiator [main] HHH000490: Using JtaPlatform implementation: [org.hibernate.engine.transaction.jta.platform.internal.NoJtaPlatform]
2021-02-19 21:24:52,082 INFO o.s.o.j.AbstractEntityManagerFactoryBean [main] Initialized JPA EntityManagerFactory for persistence unit 'default'
2021-02-19 21:24:52,680 WARN o.s.b.a.o.j.JpaBaseConfiguration$JpaWebConfiguration [main] spring.jpa.open-in-view is enabled by default. Therefore, database queries may be performed during view rendering. Explicitly configure spring.jpa.open-in-view to disable this warning
2021-02-19 21:24:52,739 INFO o.s.b.a.s.s.UserDetailsServiceAutoConfiguration [main] 

Using generated security password: 310a365c-9623-4f0f-93ee-f43cc76cc013

2021-02-19 21:24:52,926 INFO o.s.s.w.DefaultSecurityFilterChain [main] Will secure any request with [org.springframework.security.web.context.request.async.WebAsyncManagerIntegrationFilter@60251ddb, org.springframework.security.web.context.SecurityContextPersistenceFilter@b5bddfe, org.springframework.security.web.header.HeaderWriterFilter@13ae87a6, org.springframework.security.web.authentication.logout.LogoutFilter@33060020, fh.se.car.rental.fh.security.JWTAuthorizationFilter@2059c3ff, org.springframework.security.web.savedrequest.RequestCacheAwareFilter@4e481512, org.springframework.security.web.servletapi.SecurityContextHolderAwareRequestFilter@1477d4e6, org.springframework.security.web.authentication.AnonymousAuthenticationFilter@2f8ab988, org.springframework.security.web.session.SessionManagementFilter@32f45e15, org.springframework.security.web.access.ExceptionTranslationFilter@2119b989, org.springframework.security.web.access.intercept.FilterSecurityInterceptor@7ab3f194]
2021-02-19 21:24:53,521 INFO o.s.s.c.ExecutorConfigurationSupport [main] Initializing ExecutorService 'applicationTaskExecutor'
2021-02-19 21:24:53,902 INFO o.s.b.StartupInfoLogger [main] Started FhApplicationTests in 5.322 seconds (JVM running for 6.508)
2021-02-19 21:24:54,147 INFO o.s.s.c.ExecutorConfigurationSupport [SpringContextShutdownHook] Shutting down ExecutorService 'applicationTaskExecutor'
2021-02-19 21:24:54,151 INFO o.s.o.j.AbstractEntityManagerFactoryBean [SpringContextShutdownHook] Closing JPA EntityManagerFactory for persistence unit 'default'
2021-02-19 21:24:54,154 INFO c.z.h.HikariDataSource [SpringContextShutdownHook] HikariPool-1 - Shutdown initiated...
2021-02-19 21:24:54,167 INFO c.z.h.HikariDataSource [SpringContextShutdownHook] HikariPool-1 - Shutdown completed.
