2021-02-20 04:27:09,537 INFO o.h.v.i.u.Version [background-preinit] HV000001: Hibernate Validator 6.1.7.Final
2021-02-20 04:27:09,566 INFO o.s.b.StartupInfoLogger [main] Starting FhApplication using Java 14.0.2 on DESKTOP-KRRDR82 with PID 21692 (C:\Users\3m1r\IdeaProjects\SE_Car_Rental_WebApp\Car_Rental_WS\target\classes started by 3m1r in C:\Users\3m1r\IdeaProjects\SE_Car_Rental_WebApp)
2021-02-20 04:27:09,571 INFO o.s.b.SpringApplication [main] No active profile set, falling back to default profiles: default
2021-02-20 04:27:10,380 INFO o.s.d.r.c.RepositoryConfigurationDelegate [main] Bootstrapping Spring Data JPA repositories in DEFAULT mode.
2021-02-20 04:27:10,508 INFO o.s.d.r.c.RepositoryConfigurationDelegate [main] Finished Spring Data repository scanning in 113 ms. Found 3 JPA repository interfaces.
2021-02-20 04:27:11,293 INFO o.s.b.w.e.t.TomcatWebServer [main] Tomcat initialized with port(s): 8080 (http)
2021-02-20 04:27:11,301 INFO o.a.j.l.DirectJDKLog [main] Initializing ProtocolHandler ["http-nio-8080"]
2021-02-20 04:27:11,302 INFO o.a.j.l.DirectJDKLog [main] Starting service [Tomcat]
2021-02-20 04:27:11,302 INFO o.a.j.l.DirectJDKLog [main] Starting Servlet engine: [Apache Tomcat/9.0.43]
2021-02-20 04:27:11,417 INFO o.a.j.l.DirectJDKLog [main] Initializing Spring embedded WebApplicationContext
2021-02-20 04:27:11,417 INFO o.s.b.w.s.c.ServletWebServerApplicationContext [main] Root WebApplicationContext: initialization completed in 1794 ms
2021-02-20 04:27:11,496 INFO c.z.h.HikariDataSource [main] HikariPool-1 - Starting...
2021-02-20 04:27:11,637 INFO c.z.h.HikariDataSource [main] HikariPool-1 - Start completed.
2021-02-20 04:27:11,705 INFO o.h.j.i.u.LogHelper [main] HHH000204: Processing PersistenceUnitInfo [name: default]
2021-02-20 04:27:11,759 INFO o.h.Version [main] HHH000412: Hibernate ORM core version 5.4.28.Final
2021-02-20 04:27:11,871 INFO o.h.a.c.r.j.JavaReflectionManager [main] HCANN000001: Hibernate Commons Annotations {5.1.2.Final}
2021-02-20 04:27:11,969 INFO o.h.d.Dialect [main] HHH000400: Using dialect: org.hibernate.dialect.MySQL57Dialect
2021-02-20 04:27:12,600 INFO o.h.e.t.j.p.i.JtaPlatformInitiator [main] HHH000490: Using JtaPlatform implementation: [org.hibernate.engine.transaction.jta.platform.internal.NoJtaPlatform]
2021-02-20 04:27:12,610 INFO o.s.o.j.AbstractEntityManagerFactoryBean [main] Initialized JPA EntityManagerFactory for persistence unit 'default'
2021-02-20 04:27:12,985 WARN o.s.b.a.o.j.JpaBaseConfiguration$JpaWebConfiguration [main] spring.jpa.open-in-view is enabled by default. Therefore, database queries may be performed during view rendering. Explicitly configure spring.jpa.open-in-view to disable this warning
2021-02-20 04:27:13,014 INFO o.s.b.a.s.s.UserDetailsServiceAutoConfiguration [main] 

Using generated security password: 0826af15-b1a0-4483-9a10-33d0ac51d718

2021-02-20 04:27:13,086 INFO o.s.s.w.DefaultSecurityFilterChain [main] Will secure any request with [org.springframework.security.web.context.request.async.WebAsyncManagerIntegrationFilter@5b71af0d, org.springframework.security.web.context.SecurityContextPersistenceFilter@7fcbc336, org.springframework.security.web.header.HeaderWriterFilter@7d8d671b, org.springframework.security.web.authentication.logout.LogoutFilter@3e8fe7db, fh.se.car.rental.fh.security.JWTAuthorizationFilter@fb42c1c, org.springframework.security.web.savedrequest.RequestCacheAwareFilter@61503d00, org.springframework.security.web.servletapi.SecurityContextHolderAwareRequestFilter@54ef9698, org.springframework.security.web.authentication.AnonymousAuthenticationFilter@4edde05c, org.springframework.security.web.session.SessionManagementFilter@6be2b567, org.springframework.security.web.access.ExceptionTranslationFilter@76208b80, org.springframework.security.web.access.intercept.FilterSecurityInterceptor@64381526]
2021-02-20 04:27:13,335 INFO o.s.s.c.ExecutorConfigurationSupport [main] Initializing ExecutorService 'applicationTaskExecutor'
2021-02-20 04:27:13,494 INFO o.a.j.l.DirectJDKLog [main] Starting ProtocolHandler ["http-nio-8080"]
2021-02-20 04:27:13,513 INFO o.s.b.w.e.t.TomcatWebServer [main] Tomcat started on port(s): 8080 (http) with context path ''
2021-02-20 04:27:13,523 INFO o.s.b.StartupInfoLogger [main] Started FhApplication in 4.402 seconds (JVM running for 5.177)
2021-02-20 04:27:35,343 INFO o.a.j.l.DirectJDKLog [http-nio-8080-exec-1] Initializing Spring DispatcherServlet 'dispatcherServlet'
2021-02-20 04:27:35,343 INFO o.s.w.s.FrameworkServlet [http-nio-8080-exec-1] Initializing Servlet 'dispatcherServlet'
2021-02-20 04:27:35,344 INFO o.s.w.s.FrameworkServlet [http-nio-8080-exec-1] Completed initialization in 1 ms
2021-02-20 15:00:44,576 WARN c.z.h.p.HikariPool$HouseKeeper [HikariPool-1 housekeeper] HikariPool-1 - Thread starvation or clock leap detected (housekeeper delta=9h46m2s763ms386µs300ns).
